<?xml version="1.0" encoding="UTF-8"?>
<!-- Generated by org.testng.reporters.JUnitReportReporter -->
<testsuite hostname="Ramesh" failures="0" tests="20" name="tests.RegistrationTests" time="39.354" errors="0" timestamp="2025-05-23T22:07:40 IST" skipped="0">
  <testcase classname="tests.RegistrationTests" name="testRegistrationWithValidDetails" time="2.625"/>
  <system-out/>
  <testcase classname="tests.RegistrationTests" name="testRegistrationWithValidDetails" time="1.984"/>
  <system-out/>
  <testcase classname="tests.RegistrationTests" name="testRegistrationWithValidDetails" time="2.352"/>
  <system-out/>
  <testcase classname="tests.RegistrationTests" name="testRegistrationWithValidDetails" time="2.598"/>
  <system-out/>
  <testcase classname="tests.RegistrationTests" name="testRegistrationWithValidDetails" time="3.654"/>
  <system-out/>
  <testcase classname="tests.RegistrationTests" name="testRegistrationWithValidDetails" time="0.778"/>
  <system-out/>
  <testcase classname="tests.RegistrationTests" name="testRegistrationWithValidDetails" time="4.120"/>
  <system-out/>
  <testcase classname="tests.RegistrationTests" name="testRegistrationWithValidDetails" time="0.800"/>
  <system-out/>
  <testcase classname="tests.RegistrationTests" name="testRegistrationWithValidDetails" time="2.162"/>
  <system-out/>
  <testcase classname="tests.RegistrationTests" name="testRegistrationWithValidDetails" time="2.604"/>
  <system-out/>
  <testcase classname="tests.RegistrationTests" name="testRegistrationWithValidDetails" time="1.973"/>
  <system-out/>
  <testcase classname="tests.RegistrationTests" name="testRegistrationWithValidDetails" time="2.067"/>
  <system-out/>
  <testcase classname="tests.RegistrationTests" name="testRegistrationWithValidDetails" time="1.420"/>
  <system-out/>
  <testcase classname="tests.RegistrationTests" name="testRegistrationWithValidDetails" time="1.404"/>
  <system-out/>
  <testcase classname="tests.RegistrationTests" name="testRegistrationWithValidDetails" time="1.481"/>
  <system-out/>
  <testcase classname="tests.RegistrationTests" name="testRegistrationWithValidDetails" time="0.827"/>
  <system-out/>
  <testcase classname="tests.RegistrationTests" name="testRegistrationWithValidDetails" time="0.792"/>
  <system-out/>
  <testcase classname="tests.RegistrationTests" name="testRegistrationWithValidDetails" time="2.263"/>
  <system-out/>
  <testcase classname="tests.RegistrationTests" name="testRegistrationWithValidDetails" time="1.481"/>
  <system-out/>
  <testcase classname="tests.RegistrationTests" name="testRegistrationWithValidDetails" time="1.969"/>
  <system-out/>
</testsuite> <!-- tests.RegistrationTests -->
