<?xml version="1.0" encoding="UTF-8"?>
<!-- Generated by org.testng.reporters.JUnitReportReporter -->
<testsuite hostname="Ramesh" failures="0" tests="3" name="tests.RegistrationTests" time="4.999" errors="0" timestamp="2025-06-07T17:40:14 IST" skipped="0">
  <testcase classname="tests.RegistrationTests" name="testSignUpWithEmptyName" time="1.115"/>
  <system-out/>
  <testcase classname="tests.RegistrationTests" name="testRegistrationWithExistingEmail" time="1.950"/>
  <system-out/>
  <testcase classname="tests.RegistrationTests" name="testRegistrationWithValidDetails" time="1.934"/>
  <system-out/>
</testsuite> <!-- tests.RegistrationTests -->
