<?xml version="1.0" encoding="UTF-8"?>
<!-- Generated by org.testng.reporters.JUnitReportReporter -->
<testsuite hostname="Ramesh" failures="0" tests="3" name="tests.CartTests" time="0.004" errors="0" timestamp="2025-05-21T07:24:24 IST" skipped="0">
  <testcase classname="tests.CartTests" name="testRemoveProductFromCart" time="0.001"/>
  <system-out/>
  <testcase classname="tests.CartTests" name="testUpdateCartQuantity" time="0.001"/>
  <system-out/>
  <testcase classname="tests.CartTests" name="testAddProductToCart" time="0.002"/>
  <system-out/>
</testsuite> <!-- tests.CartTests -->
