<?xml version="1.0" encoding="UTF-8"?>
<!-- Generated by org.testng.reporters.JUnitReportReporter -->
<testsuite hostname="Ramesh" failures="0" tests="2" name="tests.PaymentTests" time="0.018" errors="0" timestamp="2025-06-07T16:12:33 IST" skipped="0">
  <testcase classname="tests.PaymentTests" name="testPaymentWithInvalidCard" time="0.015"/>
  <system-out/>
  <testcase classname="tests.PaymentTests" name="testPaymentWithValidCard" time="0.003"/>
  <system-out/>
</testsuite> <!-- tests.PaymentTests -->
