<?xml version="1.0" encoding="UTF-8"?>
<!-- Generated by org.testng.reporters.JUnitReportReporter -->
<testsuite hostname="Ramesh" failures="0" tests="2" name="tests.ProductSearchTests" time="0.003" errors="0" timestamp="2025-05-21T07:24:24 IST" skipped="0">
  <testcase classname="tests.ProductSearchTests" name="testSearchProductByName" time="0.001"/>
  <system-out/>
  <testcase classname="tests.ProductSearchTests" name="testSearchProductByCategory" time="0.002"/>
  <system-out/>
</testsuite> <!-- tests.ProductSearchTests -->
