<?xml version="1.0" encoding="UTF-8"?>
<!-- Generated by org.testng.reporters.JUnitReportReporter -->
<testsuite hostname="Ramesh" failures="0" tests="8" name="tests.SignUPTest" time="39.848" errors="0" timestamp="2025-06-07T17:40:14 IST" skipped="0">
  <testcase classname="tests.SignUPTest" name="testSignUpWithEmptyMobileNumber" time="3.220"/>
  <system-out/>
  <testcase classname="tests.SignUPTest" name="testSignUpWithEmptyFirstName" time="4.689"/>
  <system-out/>
  <testcase classname="tests.SignUPTest" name="testSignUpWithEmptyState" time="3.379"/>
  <system-out/>
  <testcase classname="tests.SignUPTest" name="testSignUpWithEmptyZipCode" time="5.491"/>
  <system-out/>
  <testcase classname="tests.SignUPTest" name="testSignUpWithEmptyPassword" time="3.759"/>
  <system-out/>
  <testcase classname="tests.SignUPTest" name="signUpWithValidDetails" time="10.371"/>
  <system-out/>
  <testcase classname="tests.SignUPTest" name="testSignUpWithEmptyLastName" time="4.802"/>
  <system-out/>
  <testcase classname="tests.SignUPTest" name="testSignUpWithEmptyAddress" time="4.137"/>
  <system-out/>
</testsuite> <!-- tests.SignUPTest -->
