<?xml version="1.0" encoding="UTF-8"?>
<!-- Generated by org.testng.reporters.JUnitReportReporter -->
<testsuite hostname="Ramesh" failures="0" tests="8" name="tests.SignUPTest" time="43.546" errors="0" timestamp="2025-06-07T16:12:33 IST" skipped="0">
  <testcase classname="tests.SignUPTest" name="testSignUpWithEmptyAddress" time="4.551"/>
  <system-out/>
  <testcase classname="tests.SignUPTest" name="testSignUpWithEmptyFirstName" time="5.248"/>
  <system-out/>
  <testcase classname="tests.SignUPTest" name="signUpWithValidDetails" time="11.097"/>
  <system-out/>
  <testcase classname="tests.SignUPTest" name="testSignUpWithEmptyLastName" time="4.094"/>
  <system-out/>
  <testcase classname="tests.SignUPTest" name="testSignUpWithEmptyState" time="4.343"/>
  <system-out/>
  <testcase classname="tests.SignUPTest" name="testSignUpWithEmptyPassword" time="4.636"/>
  <system-out/>
  <testcase classname="tests.SignUPTest" name="testSignUpWithEmptyMobileNumber" time="5.005"/>
  <system-out/>
  <testcase classname="tests.SignUPTest" name="testSignUpWithEmptyZipCode" time="4.572"/>
  <system-out/>
</testsuite> <!-- tests.SignUPTest -->
