<?xml version="1.0" encoding="UTF-8"?>
<!-- Generated by org.testng.reporters.JUnitReportReporter -->
<testsuite hostname="Ramesh" failures="0" tests="2" name="tests.LoginTests" time="0.002" errors="0" timestamp="2025-05-21T07:24:24 IST" skipped="0">
  <testcase classname="tests.LoginTests" name="testLoginWithValidCredentials" time="0.001"/>
  <system-out/>
  <testcase classname="tests.LoginTests" name="testLoginWithInvalidPassword" time="0.001"/>
  <system-out/>
</testsuite> <!-- tests.LoginTests -->
