<?xml version="1.0" encoding="UTF-8"?>
<!-- Generated by org.testng.reporters.JUnitReportReporter -->
<testsuite hostname="Ramesh" failures="0" tests="3" name="tests.RegistrationTests" time="6.589" errors="0" timestamp="2025-06-07T16:12:33 IST" skipped="0">
  <testcase classname="tests.RegistrationTests" name="testRegistrationWithExistingEmail" time="2.781"/>
  <system-out/>
  <testcase classname="tests.RegistrationTests" name="testSignUpWithEmptyName" time="1.889"/>
  <system-out/>
  <testcase classname="tests.RegistrationTests" name="testRegistrationWithValidDetails" time="1.919"/>
  <system-out/>
</testsuite> <!-- tests.RegistrationTests -->
