<?xml version="1.0" encoding="UTF-8"?>
<!-- Generated by org.testng.reporters.JUnitReportReporter -->
<testsuite hostname="Ramesh" failures="0" tests="2" name="tests.WishlistTests" time="0.006" errors="0" timestamp="2025-06-07T17:40:14 IST" skipped="0">
  <testcase classname="tests.WishlistTests" name="testRemoveFromWishlist" time="0.004"/>
  <system-out/>
  <testcase classname="tests.WishlistTests" name="testAddToWishlist" time="0.002"/>
  <system-out/>
</testsuite> <!-- tests.WishlistTests -->
