<?xml version="1.0" encoding="UTF-8"?>
<!-- Generated by org.testng.reporters.JUnitReportReporter -->
<testsuite hostname="Ramesh" failures="0" tests="1" name="tests.e2e" time="12.671" errors="0" timestamp="2025-06-07T17:40:14 IST" skipped="0">
  <testcase classname="tests.e2e" name="verifyInvoiceDownload" time="12.671"/>
  <system-out/>
</testsuite> <!-- tests.e2e -->
