<?xml version="1.0" encoding="UTF-8"?>
<!-- Generated by org.testng.reporters.JUnitReportReporter -->
<testsuite hostname="Ramesh" failures="0" tests="1" name="tests.LogOutTest" time="4.826" errors="0" timestamp="2025-06-10T17:33:32 IST" skipped="0">
  <testcase classname="tests.LogOutTest" name="Logout" time="4.826"/>
  <system-out/>
</testsuite> <!-- tests.LogOutTest -->
