<?xml version="1.0" encoding="UTF-8"?>
<!-- Generated by org.testng.reporters.JUnitReportReporter -->
<testsuite hostname="Ramesh" failures="0" tests="2" name="tests.CheckoutTests" time="0.002" errors="0" timestamp="2025-06-07T17:40:14 IST" skipped="0">
  <testcase classname="tests.CheckoutTests" name="testProceedToCheckoutWithCOD" time="0.001"/>
  <system-out/>
  <testcase classname="tests.CheckoutTests" name="testProceedToCheckoutWithCard" time="0.001"/>
  <system-out/>
</testsuite> <!-- tests.CheckoutTests -->
