<?xml version="1.0" encoding="UTF-8"?>
<!-- Generated by org.testng.reporters.JUnitReportReporter -->
<testsuite hostname="Ramesh" failures="0" tests="2" name="tests.OrderHistoryTests" time="0.008" errors="0" timestamp="2025-06-07T17:40:14 IST" skipped="0">
  <testcase classname="tests.OrderHistoryTests" name="testViewOrderHistory" time="0.004"/>
  <system-out/>
  <testcase classname="tests.OrderHistoryTests" name="testReorderProduct" time="0.004"/>
  <system-out/>
</testsuite> <!-- tests.OrderHistoryTests -->
