<?xml version="1.0" encoding="UTF-8"?>
<!-- Generated by org.testng.reporters.JUnitReportReporter -->
<testsuite hostname="Ramesh" failures="0" tests="3" name="tests.CartTests" time="4.427" errors="0" timestamp="2025-06-07T17:40:14 IST" skipped="0">
  <testcase classname="tests.CartTests" name="testAddProductToCart" time="0.002"/>
  <system-out/>
  <testcase classname="tests.CartTests" name="testUpdateCartQuantity" time="0.003"/>
  <system-out/>
  <testcase classname="tests.CartTests" name="testRemoveProductFromCart" time="4.422"/>
  <system-out/>
</testsuite> <!-- tests.CartTests -->
