<?xml version="1.0" encoding="UTF-8"?>
<!-- Generated by org.testng.reporters.JUnitReportReporter -->
<testsuite hostname="Ramesh" failures="0" tests="2" name="tests.ProfileTests" time="0.002" errors="0" timestamp="2025-06-07T16:12:33 IST" skipped="0">
  <testcase classname="tests.ProfileTests" name="testChangePassword" time="0.001"/>
  <system-out/>
  <testcase classname="tests.ProfileTests" name="testUpdateProfileInfo" time="0.001"/>
  <system-out/>
</testsuite> <!-- tests.ProfileTests -->
